[debug] [2021-05-31T05:00:46.278Z] ----------------------------------------------------------------------
[debug] [2021-05-31T05:00:46.280Z] Command:       C:\Users\dachuwu\DOCUME~1\RPROJE~1\firebase-tools-instant-win.exe C:\Users\dachuwu\.cache\firebase\tools\lib\node_modules\firebase-tools\lib\bin\firebase init hosting
[debug] [2021-05-31T05:00:46.281Z] CLI Version:   9.11.0
[debug] [2021-05-31T05:00:46.281Z] Platform:      win32
[debug] [2021-05-31T05:00:46.281Z] Node Version:  v12.18.1
[debug] [2021-05-31T05:00:46.281Z] Time:          Mon May 31 2021 01:00:46 GMT-0400 (Eastern Daylight Time)
[debug] [2021-05-31T05:00:46.282Z] ----------------------------------------------------------------------
[debug] 
[debug] [2021-05-31T05:00:46.295Z] > command requires scopes: ["email","openid","https://www.googleapis.com/auth/cloudplatformprojects.readonly","https://www.googleapis.com/auth/firebase","https://www.googleapis.com/auth/cloud-platform"]
[debug] [2021-05-31T05:00:46.296Z] > authorizing via signed-in user (dachuwu@gmail.com)
[info] 
     ######## #### ########  ######## ########     ###     ######  ########
     ##        ##  ##     ## ##       ##     ##  ##   ##  ##       ##
     ######    ##  ########  ######   ########  #########  ######  ######
     ##        ##  ##    ##  ##       ##     ## ##     ##       ## ##
     ##       #### ##     ## ######## ########  ##     ##  ######  ########

You're about to initialize a Firebase project in this directory:

  C:\Users\dachuwu\Documents\R projects\covidR2tw_dashboard

Before we get started, keep in mind:

  * You are initializing in an existing Firebase project directory

[info] 
=== Project Setup
[info] 
[info] First, let's associate this project directory with a Firebase project.
[info] You can create multiple project aliases by running firebase use --add, 
[info] but for now we'll just set up a default project.
[info] 
[info] i  .firebaserc already has a default project, using covidtw-8fac6. 
[debug] [2021-05-31T05:00:52.324Z] >>> [apiv2][query] GET https://firebase.googleapis.com/v1beta1/projects/covidtw-8fac6 [none]
[debug] [2021-05-31T05:00:52.561Z] <<< [apiv2][status] GET https://firebase.googleapis.com/v1beta1/projects/covidtw-8fac6 200
[debug] [2021-05-31T05:00:52.561Z] <<< [apiv2][body] GET https://firebase.googleapis.com/v1beta1/projects/covidtw-8fac6 {"projectId":"covidtw-8fac6","projectNumber":"98938902244","displayName":"covidTW","name":"projects/covidtw-8fac6","resources":{"hostingSite":"covidtw-8fac6"},"state":"ACTIVE"}
[info] 
=== Hosting Setup
[info] 
[info] Your public directory is the folder (relative to your project directory) that
[info] will contain Hosting assets to be uploaded with firebase deploy. If you
[info] have a build process for your assets, use your build's output directory.
[info] 
